2022-07-29 01:32:44,189 [INFO ] com.lao.step_definitions.Common_Step_definitons [main] Execution Started
2022-07-29 01:32:44,198 [INFO ] com.lao.step_definitions.Common_Step_definitons [main] Instantiating Common Utils
2022-07-29 01:32:44,199 [INFO ] com.lao.step_definitions.Common_Step_definitons [main] Loading the property file
2022-07-29 01:32:44,200 [INFO ] com.lao.step_definitions.Common_Step_definitons [main] Checking driver is null or not
2022-07-29 01:32:44,201 [INFO ] com.lao.step_definitions.Common_Step_definitons [main] Checking driver is null. Instantiate
2022-07-29 01:32:45,208 [INFO ] com.lao.utilities.DriverManager [main] launchingedge
2022-07-29 01:32:48,422 [INFO ] com.lao.step_definitions.Common_Step_definitons [main] Execution Started
2022-07-29 01:32:48,424 [INFO ] com.lao.step_definitions.Common_Step_definitons [main] Instantiating Common Utils
2022-07-29 01:32:48,424 [INFO ] com.lao.step_definitions.Common_Step_definitons [main] Loading the property file
2022-07-29 01:32:48,425 [INFO ] com.lao.step_definitions.Common_Step_definitons [main] Checking driver is null or not
2022-07-29 01:33:25,382 [INFO ] com.lao.step_definitions.Common_Step_definitons [main] Execution Started
2022-07-29 01:33:25,383 [INFO ] com.lao.step_definitions.Common_Step_definitons [main] Instantiating Common Utils
2022-07-29 01:33:25,384 [INFO ] com.lao.step_definitions.Common_Step_definitons [main] Loading the property file
2022-07-29 01:33:25,384 [INFO ] com.lao.step_definitions.Common_Step_definitons [main] Checking driver is null or not
2022-07-29 01:33:25,385 [INFO ] com.lao.step_definitions.Common_Step_definitons [main] Checking driver is null. Instantiate
2022-07-29 01:33:28,076 [INFO ] com.lao.utilities.DriverManager [main] launchingchrome
2022-07-29 01:33:30,045 [INFO ] com.lao.step_definitions.Common_Step_definitons [main] Execution Started
2022-07-29 01:33:30,046 [INFO ] com.lao.step_definitions.Common_Step_definitons [main] Instantiating Common Utils
2022-07-29 01:33:30,046 [INFO ] com.lao.step_definitions.Common_Step_definitons [main] Loading the property file
2022-07-29 01:33:30,046 [INFO ] com.lao.step_definitions.Common_Step_definitons [main] Checking driver is null or not
2022-07-29 01:35:44,118 [INFO ] com.lao.step_definitions.Common_Step_definitons [main] Execution Started
2022-07-29 01:35:44,120 [INFO ] com.lao.step_definitions.Common_Step_definitons [main] Instantiating Common Utils
2022-07-29 01:35:44,121 [INFO ] com.lao.step_definitions.Common_Step_definitons [main] Loading the property file
2022-07-29 01:35:44,121 [INFO ] com.lao.step_definitions.Common_Step_definitons [main] Checking driver is null or not
2022-07-29 01:35:44,123 [INFO ] com.lao.step_definitions.Common_Step_definitons [main] Checking driver is null. Instantiate
2022-07-29 01:35:44,489 [INFO ] com.lao.utilities.DriverManager [main] launchingchrome
2022-07-29 01:35:45,829 [INFO ] com.lao.step_definitions.Common_Step_definitons [main] Execution Started
2022-07-29 01:35:45,829 [INFO ] com.lao.step_definitions.Common_Step_definitons [main] Instantiating Common Utils
2022-07-29 01:35:45,829 [INFO ] com.lao.step_definitions.Common_Step_definitons [main] Loading the property file
2022-07-29 01:35:45,829 [INFO ] com.lao.step_definitions.Common_Step_definitons [main] Checking driver is null or not
2022-07-29 01:41:32,864 [INFO ] com.lao.step_definitions.Common_Step_definitons [main] Execution Started
2022-07-29 01:41:32,865 [INFO ] com.lao.step_definitions.Common_Step_definitons [main] Instantiating Common Utils
2022-07-29 01:41:32,866 [INFO ] com.lao.step_definitions.Common_Step_definitons [main] Loading the property file
2022-07-29 01:41:32,866 [INFO ] com.lao.step_definitions.Common_Step_definitons [main] Checking driver is null or not
2022-07-29 01:41:32,867 [INFO ] com.lao.step_definitions.Common_Step_definitons [main] Checking driver is null. Instantiate
2022-07-29 01:41:33,205 [INFO ] com.lao.utilities.DriverManager [main] launchingchrome
2022-07-29 01:41:34,500 [INFO ] com.lao.step_definitions.Common_Step_definitons [main] Execution Started
2022-07-29 01:41:34,500 [INFO ] com.lao.step_definitions.Common_Step_definitons [main] Instantiating Common Utils
2022-07-29 01:41:34,501 [INFO ] com.lao.step_definitions.Common_Step_definitons [main] Loading the property file
2022-07-29 01:41:34,501 [INFO ] com.lao.step_definitions.Common_Step_definitons [main] Checking driver is null or not
2022-07-29 01:43:54,014 [INFO ] com.lao.step_definitions.Common_Step_definitons [main] Execution Started
2022-07-29 01:43:54,016 [INFO ] com.lao.step_definitions.Common_Step_definitons [main] Instantiating Common Utils
2022-07-29 01:43:54,017 [INFO ] com.lao.step_definitions.Common_Step_definitons [main] Loading the property file
2022-07-29 01:43:54,017 [INFO ] com.lao.step_definitions.Common_Step_definitons [main] Checking driver is null or not
2022-07-29 01:43:54,018 [INFO ] com.lao.step_definitions.Common_Step_definitons [main] Checking driver is null. Instantiate
2022-07-29 01:43:54,363 [INFO ] com.lao.utilities.DriverManager [main] launchingchrome
2022-07-29 01:43:55,785 [INFO ] com.lao.step_definitions.Common_Step_definitons [main] Execution Started
2022-07-29 01:43:55,786 [INFO ] com.lao.step_definitions.Common_Step_definitons [main] Instantiating Common Utils
2022-07-29 01:43:55,786 [INFO ] com.lao.step_definitions.Common_Step_definitons [main] Loading the property file
2022-07-29 01:43:55,786 [INFO ] com.lao.step_definitions.Common_Step_definitons [main] Checking driver is null or not
2022-07-29 01:45:03,067 [INFO ] com.lao.step_definitions.Common_Step_definitons [main] Execution Started
2022-07-29 01:45:03,069 [INFO ] com.lao.step_definitions.Common_Step_definitons [main] Instantiating Common Utils
2022-07-29 01:45:03,069 [INFO ] com.lao.step_definitions.Common_Step_definitons [main] Loading the property file
2022-07-29 01:45:03,069 [INFO ] com.lao.step_definitions.Common_Step_definitons [main] Checking driver is null or not
2022-07-29 01:45:03,070 [INFO ] com.lao.step_definitions.Common_Step_definitons [main] Checking driver is null. Instantiate
2022-07-29 01:45:03,404 [INFO ] com.lao.utilities.DriverManager [main] launchingchrome
2022-07-29 01:45:04,823 [INFO ] com.lao.step_definitions.Common_Step_definitons [main] Execution Started
2022-07-29 01:45:04,823 [INFO ] com.lao.step_definitions.Common_Step_definitons [main] Instantiating Common Utils
2022-07-29 01:45:04,823 [INFO ] com.lao.step_definitions.Common_Step_definitons [main] Loading the property file
2022-07-29 01:45:04,824 [INFO ] com.lao.step_definitions.Common_Step_definitons [main] Checking driver is null or not
2022-07-29 01:57:40,987 [INFO ] com.lao.step_definitions.Common_Step_definitons [main] Execution Started
2022-07-29 01:57:40,988 [INFO ] com.lao.step_definitions.Common_Step_definitons [main] Instantiating Common Utils
2022-07-29 01:57:40,989 [INFO ] com.lao.step_definitions.Common_Step_definitons [main] Loading the property file
2022-07-29 01:57:40,989 [INFO ] com.lao.step_definitions.Common_Step_definitons [main] Checking driver is null or not
2022-07-29 01:57:40,991 [INFO ] com.lao.step_definitions.Common_Step_definitons [main] Checking driver is null. Instantiate
2022-07-29 01:57:41,316 [INFO ] com.lao.utilities.DriverManager [main] launchingchrome
2022-07-29 01:57:42,704 [INFO ] com.lao.step_definitions.Common_Step_definitons [main] Execution Started
2022-07-29 01:57:42,704 [INFO ] com.lao.step_definitions.Common_Step_definitons [main] Instantiating Common Utils
2022-07-29 01:57:42,705 [INFO ] com.lao.step_definitions.Common_Step_definitons [main] Loading the property file
2022-07-29 01:57:42,705 [INFO ] com.lao.step_definitions.Common_Step_definitons [main] Checking driver is null or not
2022-07-29 02:22:32,244 [INFO ] com.lao.step_definitions.Common_Step_definitons [main] Execution Started
2022-07-29 02:22:32,246 [INFO ] com.lao.step_definitions.Common_Step_definitons [main] Instantiating Common Utils
2022-07-29 02:22:32,246 [INFO ] com.lao.step_definitions.Common_Step_definitons [main] Loading the property file
2022-07-29 02:22:32,246 [INFO ] com.lao.step_definitions.Common_Step_definitons [main] Checking driver is null or not
2022-07-29 02:22:32,247 [INFO ] com.lao.step_definitions.Common_Step_definitons [main] Checking driver is null. Instantiate
2022-07-29 02:22:32,551 [INFO ] com.lao.utilities.DriverManager [main] launchingchrome
2022-07-29 02:22:33,828 [INFO ] com.lao.step_definitions.Common_Step_definitons [main] Execution Started
2022-07-29 02:22:33,828 [INFO ] com.lao.step_definitions.Common_Step_definitons [main] Instantiating Common Utils
2022-07-29 02:22:33,828 [INFO ] com.lao.step_definitions.Common_Step_definitons [main] Loading the property file
2022-07-29 02:22:33,828 [INFO ] com.lao.step_definitions.Common_Step_definitons [main] Checking driver is null or not
2022-07-29 02:24:28,030 [INFO ] com.lao.step_definitions.Common_Step_definitons [main] Execution Started
2022-07-29 02:24:28,032 [INFO ] com.lao.step_definitions.Common_Step_definitons [main] Instantiating Common Utils
2022-07-29 02:24:28,033 [INFO ] com.lao.step_definitions.Common_Step_definitons [main] Loading the property file
2022-07-29 02:24:28,033 [INFO ] com.lao.step_definitions.Common_Step_definitons [main] Checking driver is null or not
2022-07-29 02:24:28,034 [INFO ] com.lao.step_definitions.Common_Step_definitons [main] Checking driver is null. Instantiate
2022-07-29 02:24:28,372 [INFO ] com.lao.utilities.DriverManager [main] launchingchrome
2022-07-29 02:24:29,750 [INFO ] com.lao.step_definitions.Common_Step_definitons [main] Execution Started
2022-07-29 02:24:29,750 [INFO ] com.lao.step_definitions.Common_Step_definitons [main] Instantiating Common Utils
2022-07-29 02:24:29,750 [INFO ] com.lao.step_definitions.Common_Step_definitons [main] Loading the property file
2022-07-29 02:24:29,750 [INFO ] com.lao.step_definitions.Common_Step_definitons [main] Checking driver is null or not
2022-07-29 02:24:42,952 [INFO ] com.lao.step_definitions.VerifyCEOName_StepDef [main] search button is clicked
2022-07-29 02:27:30,931 [INFO ] com.lao.step_definitions.Common_Step_definitons [main] Execution Started
2022-07-29 02:27:30,936 [INFO ] com.lao.step_definitions.Common_Step_definitons [main] Instantiating Common Utils
2022-07-29 02:27:30,937 [INFO ] com.lao.step_definitions.Common_Step_definitons [main] Loading the property file
2022-07-29 02:27:30,937 [INFO ] com.lao.step_definitions.Common_Step_definitons [main] Checking driver is null or not
2022-07-29 02:27:30,941 [INFO ] com.lao.step_definitions.Common_Step_definitons [main] Checking driver is null. Instantiate
2022-07-29 02:27:31,318 [INFO ] com.lao.utilities.DriverManager [main] launchingchrome
2022-07-29 02:27:32,635 [INFO ] com.lao.step_definitions.Common_Step_definitons [main] Execution Started
2022-07-29 02:27:32,636 [INFO ] com.lao.step_definitions.Common_Step_definitons [main] Instantiating Common Utils
2022-07-29 02:27:32,636 [INFO ] com.lao.step_definitions.Common_Step_definitons [main] Loading the property file
2022-07-29 02:27:32,636 [INFO ] com.lao.step_definitions.Common_Step_definitons [main] Checking driver is null or not
2022-07-29 02:27:46,816 [INFO ] com.lao.step_definitions.VerifyCEOName_StepDef [main] search button is clicked
2022-07-29 02:27:46,841 [INFO ] com.lao.step_definitions.VerifyCEOName_StepDef [main] the user should see the CEO name as John Smith
2022-07-29 02:36:32,599 [INFO ] com.lao.step_definitions.Common_Step_definitons [main] Execution Started
2022-07-29 02:36:32,600 [INFO ] com.lao.step_definitions.Common_Step_definitons [main] Instantiating Common Utils
2022-07-29 02:36:32,601 [INFO ] com.lao.step_definitions.Common_Step_definitons [main] Loading the property file
2022-07-29 02:36:32,601 [INFO ] com.lao.step_definitions.Common_Step_definitons [main] Checking driver is null or not
2022-07-29 02:36:32,602 [INFO ] com.lao.step_definitions.Common_Step_definitons [main] Checking driver is null. Instantiate
2022-07-29 02:36:33,243 [INFO ] com.lao.utilities.DriverManager [main] launchingedge
2022-07-29 02:36:36,293 [INFO ] com.lao.step_definitions.Common_Step_definitons [main] Execution Started
2022-07-29 02:36:36,293 [INFO ] com.lao.step_definitions.Common_Step_definitons [main] Instantiating Common Utils
2022-07-29 02:36:36,293 [INFO ] com.lao.step_definitions.Common_Step_definitons [main] Loading the property file
2022-07-29 02:36:36,294 [INFO ] com.lao.step_definitions.Common_Step_definitons [main] Checking driver is null or not
2022-07-29 02:36:50,956 [INFO ] com.lao.step_definitions.VerifyCEOName_StepDef [main] search button is clicked
2022-07-29 02:36:50,988 [INFO ] com.lao.step_definitions.VerifyCEOName_StepDef [main] the user should see the CEO name as John Smith
2022-07-29 13:42:02,980 [INFO ] com.lao.step_definitions.Common_Step_definitons [main] Execution Started
2022-07-29 13:42:02,982 [INFO ] com.lao.step_definitions.Common_Step_definitons [main] Instantiating Common Utils
2022-07-29 13:42:02,983 [INFO ] com.lao.step_definitions.Common_Step_definitons [main] Loading the property file
2022-07-29 13:42:02,983 [INFO ] com.lao.step_definitions.Common_Step_definitons [main] Checking driver is null or not
2022-07-29 13:42:02,984 [INFO ] com.lao.step_definitions.Common_Step_definitons [main] Checking driver is null. Instantiate
2022-07-29 13:42:03,678 [INFO ] com.lao.utilities.DriverManager [main] launchingedge
2022-07-29 13:42:05,028 [INFO ] com.lao.step_definitions.Common_Step_definitons [main] Execution Started
2022-07-29 13:42:05,028 [INFO ] com.lao.step_definitions.Common_Step_definitons [main] Instantiating Common Utils
2022-07-29 13:42:05,028 [INFO ] com.lao.step_definitions.Common_Step_definitons [main] Loading the property file
2022-07-29 13:42:05,029 [INFO ] com.lao.step_definitions.Common_Step_definitons [main] Checking driver is null or not
2022-07-29 13:42:20,668 [INFO ] com.lao.step_definitions.VerifyCEOName_StepDef [main] search button is clicked
2022-07-29 13:42:20,701 [INFO ] com.lao.step_definitions.VerifyCEOName_StepDef [main] the user should see the CEO name as John Smith
2022-07-29 14:03:50,459 [INFO ] com.lao.step_definitions.Common_Step_definitons [main] Execution Started
2022-07-29 14:03:50,460 [INFO ] com.lao.step_definitions.Common_Step_definitons [main] Instantiating Common Utils
2022-07-29 14:03:50,461 [INFO ] com.lao.step_definitions.Common_Step_definitons [main] Loading the property file
2022-07-29 14:03:50,461 [INFO ] com.lao.step_definitions.Common_Step_definitons [main] Checking driver is null or not
2022-07-29 14:03:50,462 [INFO ] com.lao.step_definitions.Common_Step_definitons [main] Checking driver is null. Instantiate
2022-07-29 14:03:50,794 [INFO ] com.lao.utilities.DriverManager [main] launchingedge
2022-07-29 14:03:53,871 [INFO ] com.lao.step_definitions.Common_Step_definitons [main] Execution Started
2022-07-29 14:03:53,871 [INFO ] com.lao.step_definitions.Common_Step_definitons [main] Instantiating Common Utils
2022-07-29 14:03:53,871 [INFO ] com.lao.step_definitions.Common_Step_definitons [main] Loading the property file
2022-07-29 14:03:53,871 [INFO ] com.lao.step_definitions.Common_Step_definitons [main] Checking driver is null or not
2022-07-29 14:04:08,698 [INFO ] com.lao.step_definitions.VerifyCEOName_StepDef [main] search button is clicked
2022-07-29 14:04:08,722 [INFO ] com.lao.step_definitions.VerifyCEOName_StepDef [main] the user should see the CEO name as John Smith
2022-07-29 14:37:07,202 [INFO ] com.lao.step_definitions.Common_Step_definitons [main] Execution Started
2022-07-29 14:37:07,204 [INFO ] com.lao.step_definitions.Common_Step_definitons [main] Instantiating Common Utils
2022-07-29 14:37:07,204 [INFO ] com.lao.step_definitions.Common_Step_definitons [main] Loading the property file
2022-07-29 14:37:07,205 [INFO ] com.lao.step_definitions.Common_Step_definitons [main] Checking driver is null or not
2022-07-29 14:37:07,205 [INFO ] com.lao.step_definitions.Common_Step_definitons [main] Checking driver is null. Instantiate
2022-07-29 14:37:07,580 [INFO ] com.lao.utilities.DriverManager [main] launchingedge
2022-07-29 14:37:22,577 [INFO ] com.lao.step_definitions.Common_Step_definitons [main] Execution Started
2022-07-29 14:37:22,577 [INFO ] com.lao.step_definitions.Common_Step_definitons [main] Instantiating Common Utils
2022-07-29 14:37:22,577 [INFO ] com.lao.step_definitions.Common_Step_definitons [main] Loading the property file
2022-07-29 14:37:22,578 [INFO ] com.lao.step_definitions.Common_Step_definitons [main] Checking driver is null or not
2022-07-29 14:37:32,045 [INFO ] com.lao.step_definitions.VerifyCEOName_StepDef [main] search button is clicked
2022-07-29 14:37:32,068 [INFO ] com.lao.step_definitions.VerifyCEOName_StepDef [main] the user should see the CEO name as John Smith
2022-07-29 14:38:40,348 [INFO ] com.lao.step_definitions.Common_Step_definitons [main] Execution Started
2022-07-29 14:38:40,350 [INFO ] com.lao.step_definitions.Common_Step_definitons [main] Instantiating Common Utils
2022-07-29 14:38:40,350 [INFO ] com.lao.step_definitions.Common_Step_definitons [main] Loading the property file
2022-07-29 14:38:40,351 [INFO ] com.lao.step_definitions.Common_Step_definitons [main] Checking driver is null or not
2022-07-29 14:38:40,351 [INFO ] com.lao.step_definitions.Common_Step_definitons [main] Checking driver is null. Instantiate
2022-07-29 14:38:40,659 [INFO ] com.lao.utilities.DriverManager [main] launchingedge
2022-07-29 14:38:53,337 [INFO ] com.lao.step_definitions.Common_Step_definitons [main] Execution Started
2022-07-29 14:38:53,337 [INFO ] com.lao.step_definitions.Common_Step_definitons [main] Instantiating Common Utils
2022-07-29 14:38:53,337 [INFO ] com.lao.step_definitions.Common_Step_definitons [main] Loading the property file
2022-07-29 14:38:53,338 [INFO ] com.lao.step_definitions.Common_Step_definitons [main] Checking driver is null or not
2022-07-29 14:39:02,158 [INFO ] com.lao.step_definitions.VerifyCEOName_StepDef [main] search button is clicked
2022-07-29 14:39:02,189 [INFO ] com.lao.step_definitions.VerifyCEOName_StepDef [main] the user should see the CEO name as John Smith
2022-07-29 14:41:45,777 [INFO ] com.lao.step_definitions.Common_Step_definitons [main] Execution Started
2022-07-29 14:41:45,778 [INFO ] com.lao.step_definitions.Common_Step_definitons [main] Instantiating Common Utils
2022-07-29 14:41:45,779 [INFO ] com.lao.step_definitions.Common_Step_definitons [main] Loading the property file
2022-07-29 14:41:45,779 [INFO ] com.lao.step_definitions.Common_Step_definitons [main] Checking driver is null or not
2022-07-29 14:41:45,780 [INFO ] com.lao.step_definitions.Common_Step_definitons [main] Checking driver is null. Instantiate
2022-07-29 14:41:46,417 [INFO ] com.lao.utilities.DriverManager [main] launchingchrome
2022-07-29 14:42:00,566 [INFO ] com.lao.step_definitions.Common_Step_definitons [main] Execution Started
2022-07-29 14:42:00,566 [INFO ] com.lao.step_definitions.Common_Step_definitons [main] Instantiating Common Utils
2022-07-29 14:42:00,566 [INFO ] com.lao.step_definitions.Common_Step_definitons [main] Loading the property file
2022-07-29 14:42:00,566 [INFO ] com.lao.step_definitions.Common_Step_definitons [main] Checking driver is null or not
2022-07-29 14:42:11,262 [INFO ] com.lao.step_definitions.VerifyCEOName_StepDef [main] search button is clicked
2022-07-29 14:42:11,288 [INFO ] com.lao.step_definitions.VerifyCEOName_StepDef [main] the user should see the CEO name as John Smith
2022-07-29 14:44:35,832 [INFO ] com.lao.step_definitions.Common_Step_definitons [main] Execution Started
2022-07-29 14:44:35,834 [INFO ] com.lao.step_definitions.Common_Step_definitons [main] Instantiating Common Utils
2022-07-29 14:44:35,834 [INFO ] com.lao.step_definitions.Common_Step_definitons [main] Loading the property file
2022-07-29 14:44:35,835 [INFO ] com.lao.step_definitions.Common_Step_definitons [main] Checking driver is null or not
2022-07-29 14:44:35,835 [INFO ] com.lao.step_definitions.Common_Step_definitons [main] Checking driver is null. Instantiate
2022-07-29 14:44:36,169 [INFO ] com.lao.utilities.DriverManager [main] launchingchrome
2022-07-29 14:44:49,381 [INFO ] com.lao.step_definitions.Common_Step_definitons [main] Execution Started
2022-07-29 14:44:49,382 [INFO ] com.lao.step_definitions.Common_Step_definitons [main] Instantiating Common Utils
2022-07-29 14:44:49,382 [INFO ] com.lao.step_definitions.Common_Step_definitons [main] Loading the property file
2022-07-29 14:44:49,382 [INFO ] com.lao.step_definitions.Common_Step_definitons [main] Checking driver is null or not
2022-07-29 14:47:08,860 [INFO ] com.lao.step_definitions.Common_Step_definitons [main] Execution Started
2022-07-29 14:47:08,862 [INFO ] com.lao.step_definitions.Common_Step_definitons [main] Instantiating Common Utils
2022-07-29 14:47:08,862 [INFO ] com.lao.step_definitions.Common_Step_definitons [main] Loading the property file
2022-07-29 14:47:08,863 [INFO ] com.lao.step_definitions.Common_Step_definitons [main] Checking driver is null or not
2022-07-29 14:47:08,863 [INFO ] com.lao.step_definitions.Common_Step_definitons [main] Checking driver is null. Instantiate
2022-07-29 14:47:09,171 [INFO ] com.lao.utilities.DriverManager [main] launchingchrome
2022-07-29 14:47:23,120 [INFO ] com.lao.step_definitions.Common_Step_definitons [main] Execution Started
2022-07-29 14:47:23,120 [INFO ] com.lao.step_definitions.Common_Step_definitons [main] Instantiating Common Utils
2022-07-29 14:47:23,120 [INFO ] com.lao.step_definitions.Common_Step_definitons [main] Loading the property file
2022-07-29 14:47:23,121 [INFO ] com.lao.step_definitions.Common_Step_definitons [main] Checking driver is null or not
2022-07-29 14:47:32,565 [INFO ] com.lao.step_definitions.VerifyCEOName_StepDef [main] search button is clicked
2022-07-29 14:47:32,589 [INFO ] com.lao.step_definitions.VerifyCEOName_StepDef [main] the user should see the CEO name as John Smith
2022-07-29 14:48:25,717 [INFO ] com.lao.step_definitions.Common_Step_definitons [main] Execution Started
2022-07-29 14:48:25,719 [INFO ] com.lao.step_definitions.Common_Step_definitons [main] Instantiating Common Utils
2022-07-29 14:48:25,719 [INFO ] com.lao.step_definitions.Common_Step_definitons [main] Loading the property file
2022-07-29 14:48:25,720 [INFO ] com.lao.step_definitions.Common_Step_definitons [main] Checking driver is null or not
2022-07-29 14:48:25,721 [INFO ] com.lao.step_definitions.Common_Step_definitons [main] Checking driver is null. Instantiate
2022-07-29 14:48:26,143 [INFO ] com.lao.utilities.DriverManager [main] launchingchrome
2022-07-29 14:48:37,748 [INFO ] com.lao.step_definitions.Common_Step_definitons [main] Execution Started
2022-07-29 14:48:37,748 [INFO ] com.lao.step_definitions.Common_Step_definitons [main] Instantiating Common Utils
2022-07-29 14:48:37,748 [INFO ] com.lao.step_definitions.Common_Step_definitons [main] Loading the property file
2022-07-29 14:48:37,748 [INFO ] com.lao.step_definitions.Common_Step_definitons [main] Checking driver is null or not
2022-07-29 14:48:47,977 [INFO ] com.lao.step_definitions.VerifyCEOName_StepDef [main] search button is clicked
2022-07-29 14:48:48,005 [INFO ] com.lao.step_definitions.VerifyCEOName_StepDef [main] the user should see the CEO name as John Smith
2022-07-29 14:51:33,024 [INFO ] com.lao.step_definitions.Common_Step_definitons [main] Execution Started
2022-07-29 14:51:33,025 [INFO ] com.lao.step_definitions.Common_Step_definitons [main] Instantiating Common Utils
2022-07-29 14:51:33,026 [INFO ] com.lao.step_definitions.Common_Step_definitons [main] Loading the property file
2022-07-29 14:51:33,026 [INFO ] com.lao.step_definitions.Common_Step_definitons [main] Checking driver is null or not
2022-07-29 14:51:33,027 [INFO ] com.lao.step_definitions.Common_Step_definitons [main] Checking driver is null. Instantiate
2022-07-29 14:51:33,372 [INFO ] com.lao.utilities.DriverManager [main] launchingchrome
2022-07-29 14:51:52,970 [INFO ] com.lao.step_definitions.Common_Step_definitons [main] Execution Started
2022-07-29 14:51:52,970 [INFO ] com.lao.step_definitions.Common_Step_definitons [main] Instantiating Common Utils
2022-07-29 14:51:52,970 [INFO ] com.lao.step_definitions.Common_Step_definitons [main] Loading the property file
2022-07-29 14:51:52,970 [INFO ] com.lao.step_definitions.Common_Step_definitons [main] Checking driver is null or not
2022-07-29 14:52:48,377 [INFO ] com.lao.step_definitions.Common_Step_definitons [main] Execution Started
2022-07-29 14:52:48,379 [INFO ] com.lao.step_definitions.Common_Step_definitons [main] Instantiating Common Utils
2022-07-29 14:52:48,379 [INFO ] com.lao.step_definitions.Common_Step_definitons [main] Loading the property file
2022-07-29 14:52:48,379 [INFO ] com.lao.step_definitions.Common_Step_definitons [main] Checking driver is null or not
2022-07-29 14:52:48,380 [INFO ] com.lao.step_definitions.Common_Step_definitons [main] Checking driver is null. Instantiate
2022-07-29 14:52:48,697 [INFO ] com.lao.utilities.DriverManager [main] launchingchrome
2022-07-29 14:53:09,142 [INFO ] com.lao.step_definitions.Common_Step_definitons [main] Execution Started
2022-07-29 14:53:09,142 [INFO ] com.lao.step_definitions.Common_Step_definitons [main] Instantiating Common Utils
2022-07-29 14:53:09,142 [INFO ] com.lao.step_definitions.Common_Step_definitons [main] Loading the property file
2022-07-29 14:53:09,143 [INFO ] com.lao.step_definitions.Common_Step_definitons [main] Checking driver is null or not
2022-07-29 14:53:19,657 [INFO ] com.lao.step_definitions.VerifyCEOName_StepDef [main] search button is clicked
2022-07-29 14:53:19,680 [INFO ] com.lao.step_definitions.VerifyCEOName_StepDef [main] the user should see the CEO name as John Smith
2022-07-29 14:54:53,335 [INFO ] com.lao.step_definitions.Common_Step_definitons [main] Execution Started
2022-07-29 14:54:53,337 [INFO ] com.lao.step_definitions.Common_Step_definitons [main] Instantiating Common Utils
2022-07-29 14:54:53,337 [INFO ] com.lao.step_definitions.Common_Step_definitons [main] Loading the property file
2022-07-29 14:54:53,338 [INFO ] com.lao.step_definitions.Common_Step_definitons [main] Checking driver is null or not
2022-07-29 14:54:53,339 [INFO ] com.lao.step_definitions.Common_Step_definitons [main] Checking driver is null. Instantiate
2022-07-29 14:54:53,659 [INFO ] com.lao.utilities.DriverManager [main] launchingchrome
2022-07-29 14:55:14,583 [INFO ] com.lao.step_definitions.Common_Step_definitons [main] Execution Started
2022-07-29 14:55:14,583 [INFO ] com.lao.step_definitions.Common_Step_definitons [main] Instantiating Common Utils
2022-07-29 14:55:14,583 [INFO ] com.lao.step_definitions.Common_Step_definitons [main] Loading the property file
2022-07-29 14:55:14,583 [INFO ] com.lao.step_definitions.Common_Step_definitons [main] Checking driver is null or not
2022-07-29 14:55:25,035 [INFO ] com.lao.step_definitions.VerifyCEOName_StepDef [main] search button is clicked
2022-07-29 14:55:25,067 [INFO ] com.lao.step_definitions.VerifyCEOName_StepDef [main] the user should see the CEO name as John Smith
2022-07-29 16:07:43,342 [INFO ] com.lao.step_definitions.Common_Step_definitons [main] Execution Started
2022-07-29 16:07:43,344 [INFO ] com.lao.step_definitions.Common_Step_definitons [main] Instantiating Common Utils
2022-07-29 16:07:43,344 [INFO ] com.lao.step_definitions.Common_Step_definitons [main] Loading the property file
2022-07-29 16:07:43,345 [INFO ] com.lao.step_definitions.Common_Step_definitons [main] Checking driver is null or not
2022-07-29 16:07:43,346 [INFO ] com.lao.step_definitions.Common_Step_definitons [main] Checking driver is null. Instantiate
2022-07-29 16:07:44,175 [INFO ] com.lao.utilities.DriverManager [main] launchingchrome
2022-07-29 16:08:02,328 [INFO ] com.lao.step_definitions.Common_Step_definitons [main] Execution Started
2022-07-29 16:08:02,328 [INFO ] com.lao.step_definitions.Common_Step_definitons [main] Instantiating Common Utils
2022-07-29 16:08:02,328 [INFO ] com.lao.step_definitions.Common_Step_definitons [main] Loading the property file
2022-07-29 16:08:02,328 [INFO ] com.lao.step_definitions.Common_Step_definitons [main] Checking driver is null or not
2022-07-29 16:08:13,789 [INFO ] com.lao.step_definitions.VerifyCEOName_StepDef [main] search button is clicked
2022-07-29 16:10:22,060 [INFO ] com.lao.step_definitions.Common_Step_definitons [main] Execution Started
2022-07-29 16:10:22,063 [INFO ] com.lao.step_definitions.Common_Step_definitons [main] Instantiating Common Utils
2022-07-29 16:10:22,063 [INFO ] com.lao.step_definitions.Common_Step_definitons [main] Loading the property file
2022-07-29 16:10:22,064 [INFO ] com.lao.step_definitions.Common_Step_definitons [main] Checking driver is null or not
2022-07-29 16:10:22,065 [INFO ] com.lao.step_definitions.Common_Step_definitons [main] Checking driver is null. Instantiate
2022-07-29 16:10:22,411 [INFO ] com.lao.utilities.DriverManager [main] launchingchrome
2022-07-29 16:10:34,340 [INFO ] com.lao.step_definitions.Common_Step_definitons [main] Execution Started
2022-07-29 16:10:34,342 [INFO ] com.lao.step_definitions.Common_Step_definitons [main] Instantiating Common Utils
2022-07-29 16:10:34,342 [INFO ] com.lao.step_definitions.Common_Step_definitons [main] Loading the property file
2022-07-29 16:10:34,343 [INFO ] com.lao.step_definitions.Common_Step_definitons [main] Checking driver is null or not
2022-07-29 16:10:34,344 [INFO ] com.lao.step_definitions.Common_Step_definitons [main] Checking driver is null. Instantiate
2022-07-29 16:10:34,847 [INFO ] com.lao.utilities.DriverManager [main] launchingchrome
2022-07-29 16:10:50,561 [INFO ] com.lao.step_definitions.Common_Step_definitons [main] Execution Started
2022-07-29 16:10:50,561 [INFO ] com.lao.step_definitions.Common_Step_definitons [main] Instantiating Common Utils
2022-07-29 16:10:50,561 [INFO ] com.lao.step_definitions.Common_Step_definitons [main] Loading the property file
2022-07-29 16:10:50,561 [INFO ] com.lao.step_definitions.Common_Step_definitons [main] Checking driver is null or not
2022-07-29 16:11:00,118 [INFO ] com.lao.step_definitions.VerifyCEOName_StepDef [main] search button is clicked
2022-07-29 16:13:20,789 [INFO ] com.lao.step_definitions.Common_Step_definitons [main] Execution Started
2022-07-29 16:13:20,791 [INFO ] com.lao.step_definitions.Common_Step_definitons [main] Instantiating Common Utils
2022-07-29 16:13:20,791 [INFO ] com.lao.step_definitions.Common_Step_definitons [main] Loading the property file
2022-07-29 16:13:20,792 [INFO ] com.lao.step_definitions.Common_Step_definitons [main] Checking driver is null or not
2022-07-29 16:13:20,793 [INFO ] com.lao.step_definitions.Common_Step_definitons [main] Checking driver is null. Instantiate
2022-07-29 16:13:21,124 [INFO ] com.lao.utilities.DriverManager [main] launchingchrome
2022-07-29 16:13:37,530 [INFO ] com.lao.step_definitions.Common_Step_definitons [main] Execution Started
2022-07-29 16:13:37,530 [INFO ] com.lao.step_definitions.Common_Step_definitons [main] Instantiating Common Utils
2022-07-29 16:13:37,530 [INFO ] com.lao.step_definitions.Common_Step_definitons [main] Loading the property file
2022-07-29 16:13:37,530 [INFO ] com.lao.step_definitions.Common_Step_definitons [main] Checking driver is null or not
2022-07-29 16:13:51,883 [INFO ] com.lao.step_definitions.VerifyCEOName_StepDef [main] search button is clicked
2022-07-29 16:31:48,855 [INFO ] com.lao.step_definitions.Common_Step_definitons [main] Execution Started
2022-07-29 16:31:48,857 [INFO ] com.lao.step_definitions.Common_Step_definitons [main] Instantiating Common Utils
2022-07-29 16:31:48,857 [INFO ] com.lao.step_definitions.Common_Step_definitons [main] Loading the property file
2022-07-29 16:31:48,858 [INFO ] com.lao.step_definitions.Common_Step_definitons [main] Checking driver is null or not
2022-07-29 16:31:48,859 [INFO ] com.lao.step_definitions.Common_Step_definitons [main] Checking driver is null. Instantiate
2022-07-29 16:31:49,193 [INFO ] com.lao.utilities.DriverManager [main] launchingchrome
2022-07-29 16:32:05,266 [INFO ] com.lao.step_definitions.Common_Step_definitons [main] Execution Started
2022-07-29 16:32:05,266 [INFO ] com.lao.step_definitions.Common_Step_definitons [main] Instantiating Common Utils
2022-07-29 16:32:05,266 [INFO ] com.lao.step_definitions.Common_Step_definitons [main] Loading the property file
2022-07-29 16:32:05,267 [INFO ] com.lao.step_definitions.Common_Step_definitons [main] Checking driver is null or not
2022-07-29 16:32:14,870 [INFO ] com.lao.step_definitions.VerifyCEOName_StepDef [main] search button is clicked
2022-07-29 16:32:14,917 [INFO ] com.lao.step_definitions.VerifyCEOName_StepDef [main] the user should see the CEO name as John Smith
2022-07-29 16:33:33,410 [INFO ] com.lao.step_definitions.Common_Step_definitons [main] Execution Started
2022-07-29 16:33:33,412 [INFO ] com.lao.step_definitions.Common_Step_definitons [main] Instantiating Common Utils
2022-07-29 16:33:33,412 [INFO ] com.lao.step_definitions.Common_Step_definitons [main] Loading the property file
2022-07-29 16:33:33,413 [INFO ] com.lao.step_definitions.Common_Step_definitons [main] Checking driver is null or not
2022-07-29 16:33:33,414 [INFO ] com.lao.step_definitions.Common_Step_definitons [main] Checking driver is null. Instantiate
2022-07-29 16:33:33,735 [INFO ] com.lao.utilities.DriverManager [main] launchingchrome
2022-07-29 16:33:45,818 [INFO ] com.lao.step_definitions.Common_Step_definitons [main] Execution Started
2022-07-29 16:33:45,818 [INFO ] com.lao.step_definitions.Common_Step_definitons [main] Instantiating Common Utils
2022-07-29 16:33:45,818 [INFO ] com.lao.step_definitions.Common_Step_definitons [main] Loading the property file
2022-07-29 16:33:45,818 [INFO ] com.lao.step_definitions.Common_Step_definitons [main] Checking driver is null or not
2022-07-29 16:33:58,288 [INFO ] com.lao.step_definitions.VerifyCEOName_StepDef [main] search button is clicked
2022-07-29 16:33:58,313 [INFO ] com.lao.step_definitions.VerifyCEOName_StepDef [main] the user should see the CEO name as John Smith
2022-07-29 16:35:10,255 [INFO ] com.lao.step_definitions.Common_Step_definitons [main] Execution Started
2022-07-29 16:35:10,258 [INFO ] com.lao.step_definitions.Common_Step_definitons [main] Instantiating Common Utils
2022-07-29 16:35:10,258 [INFO ] com.lao.step_definitions.Common_Step_definitons [main] Loading the property file
2022-07-29 16:35:10,260 [INFO ] com.lao.step_definitions.Common_Step_definitons [main] Checking driver is null or not
2022-07-29 16:35:10,261 [INFO ] com.lao.step_definitions.Common_Step_definitons [main] Checking driver is null. Instantiate
2022-07-29 16:35:10,607 [INFO ] com.lao.utilities.DriverManager [main] launchingchrome
2022-07-29 16:35:20,805 [INFO ] com.lao.step_definitions.Common_Step_definitons [main] Execution Started
2022-07-29 16:35:20,805 [INFO ] com.lao.step_definitions.Common_Step_definitons [main] Instantiating Common Utils
2022-07-29 16:35:20,805 [INFO ] com.lao.step_definitions.Common_Step_definitons [main] Loading the property file
2022-07-29 16:35:20,805 [INFO ] com.lao.step_definitions.Common_Step_definitons [main] Checking driver is null or not
2022-07-29 16:35:31,458 [INFO ] com.lao.step_definitions.VerifyCEOName_StepDef [main] search button is clicked
2022-07-29 16:35:31,488 [INFO ] com.lao.step_definitions.VerifyCEOName_StepDef [main] the user should see the CEO name as John Smith
2022-07-29 23:56:49,936 [INFO ] com.lao.step_definitions.Common_Step_definitons [main] Execution Started
2022-07-29 23:56:49,946 [INFO ] com.lao.step_definitions.Common_Step_definitons [main] Instantiating Common Utils
2022-07-29 23:56:49,947 [INFO ] com.lao.step_definitions.Common_Step_definitons [main] Loading the property file
2022-07-29 23:56:49,951 [INFO ] com.lao.step_definitions.Common_Step_definitons [main] Checking driver is null or not
2022-07-29 23:56:49,968 [INFO ] com.lao.step_definitions.Common_Step_definitons [main] Checking driver is null. Instantiate
2022-07-29 23:56:51,291 [INFO ] com.lao.utilities.DriverManager [main] launchingchrome
2022-07-29 23:57:07,658 [INFO ] com.lao.step_definitions.Common_Step_definitons [main] Execution Started
2022-07-29 23:57:07,658 [INFO ] com.lao.step_definitions.Common_Step_definitons [main] Instantiating Common Utils
2022-07-29 23:57:07,659 [INFO ] com.lao.step_definitions.Common_Step_definitons [main] Loading the property file
2022-07-29 23:57:07,659 [INFO ] com.lao.step_definitions.Common_Step_definitons [main] Checking driver is null or not
2022-07-29 23:57:15,639 [ERROR] com.lao.step_definitions.VerifyCEOName_StepDef [main] org.openqa.selenium.NoSuchElementException: Cannot locate element with text: Chief Executive Officer
For documentation on this error, please visit: https://www.seleniumhq.org/exceptions/no_such_element.html
Build info: version: '3.141.59', revision: 'e82be7d358', time: '2018-11-14T08:17:03'
System info: host: 'LAPTOP-LA34TIPF', ip: '192.168.1.3', os.name: 'Windows 11', os.arch: 'amd64', os.version: '10.0', java.version: '1.8.0_333'
Driver info: driver.version: unknown
2022-07-29 23:57:19,794 [INFO ] com.lao.step_definitions.VerifyCEOName_StepDef [main] search button is clicked
